<?xml version="1.0" encoding="UTF-8"?>
<!-- Generated by org.testng.reporters.JUnitReportReporter -->
<testsuite skipped="0" hostname="DanielaPalacio" name="co.dlacademy.SeleniumGridExample" tests="3" failures="0" timestamp="2023-06-22T13:52:09 COT" time="68.270" errors="0">
  <testcase name="testExample" time="23.369" classname="co.dlacademy.SeleniumGridExample"/>
  <system-out/>
  <testcase name="testExample" time="21.680" classname="co.dlacademy.SeleniumGridExample"/>
  <system-out/>
  <testcase name="testExample" time="23.221" classname="co.dlacademy.SeleniumGridExample"/>
  <system-out/>
</testsuite> <!-- co.dlacademy.SeleniumGridExample -->
